<?xml version="1.0" encoding="UTF-8"?>
<!-- Generated by org.testng.reporters.JUnitReportReporter -->
<testsuite skipped="0" hostname="DESKTOP-KV1TCAF" name="test.Page1Test" tests="1" failures="0" timestamp="2022-08-29T13:13:53 CDT" time="9.496" errors="0">
  <testcase name="userValidateCatagoryField" time="9.496" classname="test.Page1Test"/>
  <system-out/>
</testsuite> <!-- test.Page1Test -->
